Linux 3.11.0-26-generic (ubuntu) 	21.3.2015 	_x86_64_	(2 CPU)

21.3.2015 23:24:41
avg-cpu:  %user   %nice %system %iowait  %steal   %idle
          20,07    0,04    3,78    5,00    0,00   71,11

Device:         rrqm/s   wrqm/s     r/s     w/s    rMB/s    wMB/s avgrq-sz avgqu-sz   await r_await w_await  svctm  %util
sda1              0,00     0,00    0,01    0,00     0,00     0,00     8,00     0,00    7,71    7,71    0,00   7,71   0,01

21.3.2015 23:24:42
avg-cpu:  %user   %nice %system %iowait  %steal   %idle
           3,48    0,00    1,00    0,00    0,00   95,52

Device:         rrqm/s   wrqm/s     r/s     w/s    rMB/s    wMB/s avgrq-sz avgqu-sz   await r_await w_await  svctm  %util
sda1              0,00     0,00    0,00    0,00     0,00     0,00     0,00     0,00    0,00    0,00    0,00   0,00   0,00

21.3.2015 23:24:43
avg-cpu:  %user   %nice %system %iowait  %steal   %idle
           8,08    0,00    1,52   38,38    0,00   52,02

Device:         rrqm/s   wrqm/s     r/s     w/s    rMB/s    wMB/s avgrq-sz avgqu-sz   await r_await w_await  svctm  %util
sda1              0,00     0,00    0,00    0,00     0,00     0,00     0,00     0,00    0,00    0,00    0,00   0,00   0,00

21.3.2015 23:24:44
avg-cpu:  %user   %nice %system %iowait  %steal   %idle
          16,83    0,00    1,98   53,47    0,00   27,72

Device:         rrqm/s   wrqm/s     r/s     w/s    rMB/s    wMB/s avgrq-sz avgqu-sz   await r_await w_await  svctm  %util
sda1              0,00     0,00    0,00    0,00     0,00     0,00     0,00     0,00    0,00    0,00    0,00   0,00   0,00

21.3.2015 23:24:45
avg-cpu:  %user   %nice %system %iowait  %steal   %idle
          20,79    0,00    3,96   31,19    0,00   44,06

Device:         rrqm/s   wrqm/s     r/s     w/s    rMB/s    wMB/s avgrq-sz avgqu-sz   await r_await w_await  svctm  %util
sda1              0,00     0,00    0,00    0,00     0,00     0,00     0,00     0,00    0,00    0,00    0,00   0,00   0,00

21.3.2015 23:24:46
avg-cpu:  %user   %nice %system %iowait  %steal   %idle
          17,00    0,00    1,50    0,00    0,00   81,50

Device:         rrqm/s   wrqm/s     r/s     w/s    rMB/s    wMB/s avgrq-sz avgqu-sz   await r_await w_await  svctm  %util
sda1              0,00     0,00    0,00    0,00     0,00     0,00     0,00     0,00    0,00    0,00    0,00   0,00   0,00

21.3.2015 23:24:47
avg-cpu:  %user   %nice %system %iowait  %steal   %idle
           9,45    0,00    2,49   43,28    0,00   44,78

Device:         rrqm/s   wrqm/s     r/s     w/s    rMB/s    wMB/s avgrq-sz avgqu-sz   await r_await w_await  svctm  %util
sda1              0,00     0,00    0,00    0,00     0,00     0,00     0,00     0,00    0,00    0,00    0,00   0,00   0,00

21.3.2015 23:24:48
avg-cpu:  %user   %nice %system %iowait  %steal   %idle
          12,06    0,00    2,01    5,53    0,00   80,40

Device:         rrqm/s   wrqm/s     r/s     w/s    rMB/s    wMB/s avgrq-sz avgqu-sz   await r_await w_await  svctm  %util
sda1              0,00     0,00    0,00    0,00     0,00     0,00     0,00     0,00    0,00    0,00    0,00   0,00   0,00

21.3.2015 23:24:49
avg-cpu:  %user   %nice %system %iowait  %steal   %idle
          12,38    0,00    4,95   21,29    0,00   61,39

Device:         rrqm/s   wrqm/s     r/s     w/s    rMB/s    wMB/s avgrq-sz avgqu-sz   await r_await w_await  svctm  %util
sda1              0,00     0,00    0,00    0,00     0,00     0,00     0,00     0,00    0,00    0,00    0,00   0,00   0,00

21.3.2015 23:24:50
avg-cpu:  %user   %nice %system %iowait  %steal   %idle
           6,47    0,00    2,49    0,00    0,00   91,04

Device:         rrqm/s   wrqm/s     r/s     w/s    rMB/s    wMB/s avgrq-sz avgqu-sz   await r_await w_await  svctm  %util
sda1              0,00     0,00    0,00    0,00     0,00     0,00     0,00     0,00    0,00    0,00    0,00   0,00   0,00

21.3.2015 23:24:51
avg-cpu:  %user   %nice %system %iowait  %steal   %idle
           8,50    0,00    3,00   40,50    0,00   48,00

Device:         rrqm/s   wrqm/s     r/s     w/s    rMB/s    wMB/s avgrq-sz avgqu-sz   await r_await w_await  svctm  %util
sda1              0,00     0,00    0,00    0,00     0,00     0,00     0,00     0,00    0,00    0,00    0,00   0,00   0,00

21.3.2015 23:24:52
avg-cpu:  %user   %nice %system %iowait  %steal   %idle
           6,03    0,00    2,51   29,15    0,00   62,31

Device:         rrqm/s   wrqm/s     r/s     w/s    rMB/s    wMB/s avgrq-sz avgqu-sz   await r_await w_await  svctm  %util
sda1              0,00     0,00    0,00    0,00     0,00     0,00     0,00     0,00    0,00    0,00    0,00   0,00   0,00

21.3.2015 23:24:53
avg-cpu:  %user   %nice %system %iowait  %steal   %idle
           5,05    0,00    1,01   36,87    0,00   57,07

Device:         rrqm/s   wrqm/s     r/s     w/s    rMB/s    wMB/s avgrq-sz avgqu-sz   await r_await w_await  svctm  %util
sda1              0,00     0,00    0,00    0,00     0,00     0,00     0,00     0,00    0,00    0,00    0,00   0,00   0,00

21.3.2015 23:24:54
avg-cpu:  %user   %nice %system %iowait  %steal   %idle
           5,00    0,00    1,50    0,00    0,00   93,50

Device:         rrqm/s   wrqm/s     r/s     w/s    rMB/s    wMB/s avgrq-sz avgqu-sz   await r_await w_await  svctm  %util
sda1              0,00     0,00    0,00    0,00     0,00     0,00     0,00     0,00    0,00    0,00    0,00   0,00   0,00

21.3.2015 23:24:55
avg-cpu:  %user   %nice %system %iowait  %steal   %idle
           5,00    0,00    1,50   36,00    0,00   57,50

Device:         rrqm/s   wrqm/s     r/s     w/s    rMB/s    wMB/s avgrq-sz avgqu-sz   await r_await w_await  svctm  %util
sda1              0,00     0,00    0,00    0,00     0,00     0,00     0,00     0,00    0,00    0,00    0,00   0,00   0,00

21.3.2015 23:24:56
avg-cpu:  %user   %nice %system %iowait  %steal   %idle
           4,52    0,00    1,01    0,00    0,00   94,47

Device:         rrqm/s   wrqm/s     r/s     w/s    rMB/s    wMB/s avgrq-sz avgqu-sz   await r_await w_await  svctm  %util
sda1              0,00     0,00    0,00    0,00     0,00     0,00     0,00     0,00    0,00    0,00    0,00   0,00   0,00

21.3.2015 23:24:57
avg-cpu:  %user   %nice %system %iowait  %steal   %idle
           4,52    0,00    2,01   38,69    0,00   54,77

Device:         rrqm/s   wrqm/s     r/s     w/s    rMB/s    wMB/s avgrq-sz avgqu-sz   await r_await w_await  svctm  %util
sda1              0,00     0,00    0,00    0,00     0,00     0,00     0,00     0,00    0,00    0,00    0,00   0,00   0,00

21.3.2015 23:24:58
avg-cpu:  %user   %nice %system %iowait  %steal   %idle
           5,03    0,00    1,01   50,75    0,00   43,22

Device:         rrqm/s   wrqm/s     r/s     w/s    rMB/s    wMB/s avgrq-sz avgqu-sz   await r_await w_await  svctm  %util
sda1              0,00     0,00    0,00    0,00     0,00     0,00     0,00     0,00    0,00    0,00    0,00   0,00   0,00

21.3.2015 23:24:59
avg-cpu:  %user   %nice %system %iowait  %steal   %idle
           6,00    0,00    3,00   49,50    0,00   41,50

Device:         rrqm/s   wrqm/s     r/s     w/s    rMB/s    wMB/s avgrq-sz avgqu-sz   await r_await w_await  svctm  %util
sda1              0,00     0,00    0,00    0,00     0,00     0,00     0,00     0,00    0,00    0,00    0,00   0,00   0,00

21.3.2015 23:25:00
avg-cpu:  %user   %nice %system %iowait  %steal   %idle
           4,98    0,00    1,00    0,00    0,00   94,03

Device:         rrqm/s   wrqm/s     r/s     w/s    rMB/s    wMB/s avgrq-sz avgqu-sz   await r_await w_await  svctm  %util
sda1              0,00     0,00    0,00    0,00     0,00     0,00     0,00     0,00    0,00    0,00    0,00   0,00   0,00

21.3.2015 23:25:01
avg-cpu:  %user   %nice %system %iowait  %steal   %idle
           4,04    0,00    1,52   34,85    0,00   59,60

Device:         rrqm/s   wrqm/s     r/s     w/s    rMB/s    wMB/s avgrq-sz avgqu-sz   await r_await w_await  svctm  %util
sda1              0,00     0,00    0,00    0,00     0,00     0,00     0,00     0,00    0,00    0,00    0,00   0,00   0,00

21.3.2015 23:25:02
avg-cpu:  %user   %nice %system %iowait  %steal   %idle
           8,37    0,00    1,48    0,00    0,00   90,15

Device:         rrqm/s   wrqm/s     r/s     w/s    rMB/s    wMB/s avgrq-sz avgqu-sz   await r_await w_await  svctm  %util
sda1              0,00     0,00    0,00    0,00     0,00     0,00     0,00     0,00    0,00    0,00    0,00   0,00   0,00

21.3.2015 23:25:03
avg-cpu:  %user   %nice %system %iowait  %steal   %idle
           5,97    0,50    1,99   50,75    0,00   40,80

Device:         rrqm/s   wrqm/s     r/s     w/s    rMB/s    wMB/s avgrq-sz avgqu-sz   await r_await w_await  svctm  %util
sda1              0,00     0,00    0,00    0,00     0,00     0,00     0,00     0,00    0,00    0,00    0,00   0,00   0,00

21.3.2015 23:25:04
avg-cpu:  %user   %nice %system %iowait  %steal   %idle
           7,92    0,00    1,98    0,00    0,00   90,10

Device:         rrqm/s   wrqm/s     r/s     w/s    rMB/s    wMB/s avgrq-sz avgqu-sz   await r_await w_await  svctm  %util
sda1              0,00     0,00    0,00    0,00     0,00     0,00     0,00     0,00    0,00    0,00    0,00   0,00   0,00

21.3.2015 23:25:05
avg-cpu:  %user   %nice %system %iowait  %steal   %idle
          15,20    0,00    8,33   32,35    0,00   44,12

Device:         rrqm/s   wrqm/s     r/s     w/s    rMB/s    wMB/s avgrq-sz avgqu-sz   await r_await w_await  svctm  %util
sda1              0,00     0,00    0,00    0,00     0,00     0,00     0,00     0,00    0,00    0,00    0,00   0,00   0,00

21.3.2015 23:25:06
avg-cpu:  %user   %nice %system %iowait  %steal   %idle
          16,59    0,00    7,80    1,95    0,00   73,66

Device:         rrqm/s   wrqm/s     r/s     w/s    rMB/s    wMB/s avgrq-sz avgqu-sz   await r_await w_await  svctm  %util
sda1              0,00     0,00    0,00    0,00     0,00     0,00     0,00     0,00    0,00    0,00    0,00   0,00   0,00

21.3.2015 23:25:07
avg-cpu:  %user   %nice %system %iowait  %steal   %idle
           6,97    0,00    1,99   36,82    0,00   54,23

Device:         rrqm/s   wrqm/s     r/s     w/s    rMB/s    wMB/s avgrq-sz avgqu-sz   await r_await w_await  svctm  %util
sda1              0,00     0,00    0,00    0,00     0,00     0,00     0,00     0,00    0,00    0,00    0,00   0,00   0,00

